Using pre-set license
Built from '2021.1/staging' branch; Version is '2021.1.23f1 (b50729e604a9) revision 11863849'; Using compiler version '192528614'; Build Type 'Release'
OS: 'Windows 10 Home; OS build 19042.1288; Version 2009; 64bit' Language: 'da' Physical Memory: 16049 MB
BatchMode: 1, IsHumanControllingUs: 0, StartBugReporterOnCrash: 0, Is64bit: 1, IsPro: 0

COMMAND LINE ARGUMENTS:
C:\Program Files\Unity\Hub\Editor\2021.1.23f1\Editor\Unity.exe
-adb2
-batchMode
-noUpm
-name
AssetImportWorker0
-projectPath
C:/Users/jespe/Documents/GitHub/Unity/tissemand/New Unity Project
-logFile
Logs/AssetImportWorker0.log
-srvPort
65177
Successfully changed project path to: C:/Users/jespe/Documents/GitHub/Unity/tissemand/New Unity Project
C:/Users/jespe/Documents/GitHub/Unity/tissemand/New Unity Project
Using Asset Import Pipeline V2.
Refreshing native plugins compatible for Editor in 215.91 ms, found 3 plugins.
Preloading 0 native plugins for Editor in 0.00 ms.
Initialize engine version: 2021.1.23f1 (b50729e604a9)
[Subsystems] Discovering subsystems at path C:/Program Files/Unity/Hub/Editor/2021.1.23f1/Editor/Data/Resources/UnitySubsystems
[Subsystems] Discovering subsystems at path C:/Users/jespe/Documents/GitHub/Unity/tissemand/New Unity Project/Assets
GfxDevice: creating device client; threaded=0; jobified=0
Direct3D:
    Version:  Direct3D 11.0 [level 11.1]
    Renderer: Intel(R) Iris(R) Plus Graphics (ID=0x8a52)
    Vendor:   Intel
    VRAM:     8024 MB
    Driver:   27.20.100.9365
Initialize mono
Mono path[0] = 'C:/Program Files/Unity/Hub/Editor/2021.1.23f1/Editor/Data/Managed'
Mono path[1] = 'C:/Program Files/Unity/Hub/Editor/2021.1.23f1/Editor/Data/MonoBleedingEdge/lib/mono/unityjit'
Mono config path = 'C:/Program Files/Unity/Hub/Editor/2021.1.23f1/Editor/Data/MonoBleedingEdge/etc'
Using monoOptions --debugger-agent=transport=dt_socket,embedding=1,server=y,suspend=n,address=127.0.0.1:56648
Begin MonoManager ReloadAssembly
Registering precompiled unity dll's ...
Register platform support module: C:/Program Files/Unity/Hub/Editor/2021.1.23f1/Editor/Data/PlaybackEngines/WindowsStandaloneSupport/UnityEditor.WindowsStandalone.Extensions.dll
Registered in 0.005600 seconds.
Native extension for WindowsStandalone target not found
Refreshing native plugins compatible for Editor in 230.56 ms, found 3 plugins.
Preloading 0 native plugins for Editor in 0.00 ms.
Mono: successfully reloaded assembly
- Completed reload, in  5.049 seconds
Domain Reload Profiling:
	ReloadAssembly (5050ms)
		BeginReloadAssembly (202ms)
			ExecutionOrderSort (0ms)
			DisableScriptedObjects (0ms)
			BackupInstance (0ms)
			ReleaseScriptingObjects (0ms)
			CreateAndSetChildDomain (3ms)
		EndReloadAssembly (1232ms)
			LoadAssemblies (194ms)
			RebuildTransferFunctionScriptingTraits (0ms)
			SetupTypeCache (411ms)
			ReleaseScriptCaches (0ms)
			RebuildScriptCaches (72ms)
			SetupLoadedEditorAssemblies (604ms)
				LogAssemblyErrors (0ms)
				InitializePlatformSupportModulesInManaged (18ms)
				SetLoadedEditorAssemblies (0ms)
				RefreshPlugins (231ms)
				BeforeProcessingInitializeOnLoad (3ms)
				ProcessInitializeOnLoadAttributes (270ms)
				ProcessInitializeOnLoadMethodAttributes (81ms)
				AfterProcessingInitializeOnLoad (0ms)
				EditorAssembliesLoaded (0ms)
			ExecutionOrderSort2 (0ms)
			AwakeInstancesAfterBackupRestoration (0ms)
Platform modules already initialized, skipping
Registering precompiled user dll's ...
Registered in 0.016737 seconds.
Begin MonoManager ReloadAssembly
Symbol file LoadedFromMemory doesn't match image C:\Users\jespe\Documents\GitHub\Unity\tissemand\New Unity Project\Library\PackageCache\com.unity.visualscripting@1.6.1\Editor\VisualScripting.Core\Dependencies\YamlDotNet\Unity.VisualScripting.YamlDotNet.dll
Symbol file LoadedFromMemory doesn't match image C:\Users\jespe\Documents\GitHub\Unity\tissemand\New Unity Project\Library\PackageCache\com.unity.visualscripting@1.6.1\Editor\VisualScripting.Core\Dependencies\DotNetZip\Unity.VisualScripting.IonicZip.dll
Native extension for WindowsStandalone target not found
Refreshing native plugins compatible for Editor in 0.75 ms, found 3 plugins.
Preloading 0 native plugins for Editor in 0.00 ms.
Mono: successfully reloaded assembly
- Completed reload, in  2.727 seconds
Domain Reload Profiling:
	ReloadAssembly (2729ms)
		BeginReloadAssembly (412ms)
			ExecutionOrderSort (0ms)
			DisableScriptedObjects (10ms)
			BackupInstance (0ms)
			ReleaseScriptingObjects (0ms)
			CreateAndSetChildDomain (51ms)
		EndReloadAssembly (2161ms)
			LoadAssemblies (292ms)
			RebuildTransferFunctionScriptingTraits (0ms)
			SetupTypeCache (761ms)
			ReleaseScriptCaches (1ms)
			RebuildScriptCaches (108ms)
			SetupLoadedEditorAssemblies (844ms)
				LogAssemblyErrors (0ms)
				InitializePlatformSupportModulesInManaged (9ms)
				SetLoadedEditorAssemblies (1ms)
				RefreshPlugins (1ms)
				BeforeProcessingInitializeOnLoad (222ms)
				ProcessInitializeOnLoadAttributes (581ms)
				ProcessInitializeOnLoadMethodAttributes (11ms)
				AfterProcessingInitializeOnLoad (19ms)
				EditorAssembliesLoaded (1ms)
			ExecutionOrderSort2 (0ms)
			AwakeInstancesAfterBackupRestoration (16ms)
Platform modules already initialized, skipping
========================================================================
Worker process is ready to serve import requests
Launched and connected shader compiler UnityShaderCompiler.exe after 0.15 seconds
Refreshing native plugins compatible for Editor in 1.01 ms, found 3 plugins.
Preloading 0 native plugins for Editor in 0.00 ms.
Unloading 2951 Unused Serialized files (Serialized files now loaded: 0)
System memory in use before: 106.6 MB.
System memory in use after: 106.8 MB.

Unloading 20 unused Assets to reduce memory usage. Loaded Objects now: 3402.
Total: 8.343500 ms (FindLiveObjects: 0.542100 ms CreateObjectMapping: 0.312600 ms MarkObjects: 7.353500 ms  DeleteObjects: 0.132300 ms)

AssetImportParameters requested are different than current active one (requested -> active):
  custom:framework-win-MediaFoundation: 216162199b28c13a410421893ffa2e32 -> 
  custom:video-decoder-ogg-theora: a1e56fd34408186e4bbccfd4996cb3dc -> 
  custom:container-muxer-webm: aa71ff27fc2769a1b78a27578f13a17b -> 
  custom:container-demuxer-webm: 4f35f7cbe854078d1ac9338744f61a02 -> 
  custom:container-demuxer-ogg: 62fdf1f143b41e24485cea50d1cbac27 -> 
  custom:video-encoder-webm-vp8: eb34c28f22e8b96e1ab97ce403110664 -> 
  custom:video-decoder-webm-vp8: 9c59270c3fd7afecdb556c50c9e8de78 -> 
  custom:audio-decoder-ogg-vorbis: bf7c407c2cedff20999df2af8eb42d56 -> 
  custom:audio-encoder-webm-vorbis: bf7c407c2cedff20999df2af8eb42d56 -> 
========================================================================
Received Import Request.
  path: Assets/PagMan.png
  artifactKey: Guid(faea4d914004df34c9f2f33da0bb05b0) Importer(815301076,1909f56bfc062723c751e8b465ee728b)
Start importing Assets/PagMan.png using Guid(faea4d914004df34c9f2f33da0bb05b0) Importer(815301076,1909f56bfc062723c751e8b465ee728b)  -> (artifact id: '5a23990f4a8a57d5fec91636619e747e') in 0.185295 seconds 
========================================================================
Received Import Request.
  Time since last request: 0.001279 seconds.
  path: Assets/pagmantexture.mat
  artifactKey: Guid(1683de541ba43c04c95ced3515e871c1) Importer(815301076,1909f56bfc062723c751e8b465ee728b)
Start importing Assets/pagmantexture.mat using Guid(1683de541ba43c04c95ced3515e871c1) Importer(815301076,1909f56bfc062723c751e8b465ee728b)  -> (artifact id: '48c437a5c26b1fe07bac8a9ba56ef990') in 0.210765 seconds 
========================================================================
Received Import Request.
  Time since last request: 98.756108 seconds.
  path: Assets/Ghost
  artifactKey: Guid(6ab053e4dfbf0e14d8cc17fc6af5563e) Importer(815301076,1909f56bfc062723c751e8b465ee728b)
Start importing Assets/Ghost using Guid(6ab053e4dfbf0e14d8cc17fc6af5563e) Importer(815301076,1909f56bfc062723c751e8b465ee728b)  -> (artifact id: '161f84ac9e585739b822fc5d9fbd8046') in 0.012308 seconds 
========================================================================
Received Import Request.
  Time since last request: 13.798153 seconds.
  path: Assets/Ghost/Ghost blue.fbx
  artifactKey: Guid(06206eeace443f748b54666277ad1f99) Importer(815301076,1909f56bfc062723c751e8b465ee728b)
Start importing Assets/Ghost/Ghost blue.fbx using Guid(06206eeace443f748b54666277ad1f99) Importer(815301076,1909f56bfc062723c751e8b465ee728b)  -> (artifact id: '1627db86cbb09e9a7b08d4ef175c2d13') in 0.339108 seconds 
========================================================================
Received Import Request.
  Time since last request: 0.000592 seconds.
  path: Assets/Ghost/Ghost green.fbx
  artifactKey: Guid(6a90adf2f91d6f746a437ccd4b5a249d) Importer(815301076,1909f56bfc062723c751e8b465ee728b)
Start importing Assets/Ghost/Ghost green.fbx using Guid(6a90adf2f91d6f746a437ccd4b5a249d) Importer(815301076,1909f56bfc062723c751e8b465ee728b)  -> (artifact id: '873b2312d2b212bdd48047b5c67e2cc9') in 0.117359 seconds 
========================================================================
Received Import Request.
  Time since last request: 0.000488 seconds.
  path: Assets/Ghost/Ghost yellow.fbx
  artifactKey: Guid(48fd4546620fe3a4a93d4dfbfd6b1d4e) Importer(815301076,1909f56bfc062723c751e8b465ee728b)
Start importing Assets/Ghost/Ghost yellow.fbx using Guid(48fd4546620fe3a4a93d4dfbfd6b1d4e) Importer(815301076,1909f56bfc062723c751e8b465ee728b)  -> (artifact id: '0b65601a337e15162c88630d26c4c08f') in 0.121408 seconds 
========================================================================
Received Import Request.
  Time since last request: 0.000560 seconds.
  path: Assets/Ghost/Ghost red.fbx
  artifactKey: Guid(fb9a3870ba7b9364fbf6414fb6b58011) Importer(815301076,1909f56bfc062723c751e8b465ee728b)
Start importing Assets/Ghost/Ghost red.fbx using Guid(fb9a3870ba7b9364fbf6414fb6b58011) Importer(815301076,1909f56bfc062723c751e8b465ee728b)  -> (artifact id: 'bb973c24bb426e81420954e9d94de331') in 0.127063 seconds 
AssetImportWorkerClient::OnTransportError - code=2 error=End of file
